go: inconsistent vendoring in /go/src/go-tp:
	github.com/dgrijalva/jwt-go@v3.2.0+incompatible: is explicitly required in go.mod, but not marked as explicit in vendor/modules.txt
	github.com/garyburd/redigo@v1.6.4: is explicitly required in go.mod, but not marked as explicit in vendor/modules.txt
	github.com/gin-gonic/gin@v1.8.1: is explicitly required in go.mod, but not marked as explicit in vendor/modules.txt
	github.com/go-sql-driver/mysql@v1.6.0: is explicitly required in go.mod, but not marked as explicit in vendor/modules.txt
	github.com/jmoiron/sqlx@v1.3.5: is explicitly required in go.mod, but not marked as explicit in vendor/modules.txt
	gopkg.in/yaml.v2@v2.4.0: is explicitly required in go.mod, but not marked as explicit in vendor/modules.txt
	github.com/gin-contrib/sse@v0.1.0: is explicitly required in go.mod, but not marked as explicit in vendor/modules.txt
	github.com/go-playground/locales@v0.14.0: is explicitly required in go.mod, but not marked as explicit in vendor/modules.txt
	github.com/go-playground/universal-translator@v0.18.0: is explicitly required in go.mod, but not marked as explicit in vendor/modules.txt
	github.com/go-playground/validator/v10@v10.10.0: is explicitly required in go.mod, but not marked as explicit in vendor/modules.txt
	github.com/goccy/go-json@v0.9.7: is explicitly required in go.mod, but not marked as explicit in vendor/modules.txt
	github.com/google/go-cmp@v0.5.8: is explicitly required in go.mod, but not marked as explicit in vendor/modules.txt
	github.com/json-iterator/go@v1.1.12: is explicitly required in go.mod, but not marked as explicit in vendor/modules.txt
	github.com/leodido/go-urn@v1.2.1: is explicitly required in go.mod, but not marked as explicit in vendor/modules.txt
	github.com/mattn/go-isatty@v0.0.16: is explicitly required in go.mod, but not marked as explicit in vendor/modules.txt
	github.com/modern-go/concurrent@v0.0.0-20180228061459-e0a39a4cb421: is explicitly required in go.mod, but not marked as explicit in vendor/modules.txt
	github.com/modern-go/reflect2@v1.0.2: is explicitly required in go.mod, but not marked as explicit in vendor/modules.txt
	github.com/pelletier/go-toml/v2@v2.0.1: is explicitly required in go.mod, but not marked as explicit in vendor/modules.txt
	github.com/ugorji/go/codec@v1.2.7: is explicitly required in go.mod, but not marked as explicit in vendor/modules.txt
	golang.org/x/crypto@v0.0.0-20210921155107-089bfa567519: is explicitly required in go.mod, but not marked as explicit in vendor/modules.txt
	golang.org/x/net@v0.0.0-20220722155237-a158d28d115b: is explicitly required in go.mod, but not marked as explicit in vendor/modules.txt
	golang.org/x/sys@v0.0.0-20220811171246-fbc7d0a398ab: is explicitly required in go.mod, but not marked as explicit in vendor/modules.txt
	golang.org/x/text@v0.3.7: is explicitly required in go.mod, but not marked as explicit in vendor/modules.txt
	google.golang.org/protobuf@v1.28.0: is explicitly required in go.mod, but not marked as explicit in vendor/modules.txt
	gopkg.in/yaml.v3@v3.0.1: is explicitly required in go.mod, but not marked as explicit in vendor/modules.txt

	To ignore the vendor directory, use -mod=readonly or -mod=mod.
	To sync the vendor directory, run:
		go mod vendor
